
> muzsports@1.0.0 dev
> vite --port 3000


  VITE v5.4.21  ready in 368 ms

  ➜  Local:   http://localhost:3000/
  ➜  Network: use --host to expose
8:53:37 PM [vite] hmr update /src/index.css
8:53:55 PM [vite] hmr update /src/components/Header.tsx, /src/index.css
8:54:23 PM [vite] hmr update /src/index.css, /src/components/MatchTracker.tsx, /src/components/SportsNews.tsx
8:54:37 PM [vite] page reload src/types/index.ts
8:54:58 PM [vite] hmr update /src/components/MatchTracker.tsx, /src/index.css
8:55:42 PM [vite] hmr update /src/App.tsx, /src/index.css
8:56:45 PM [vite] hmr update /src/components/MuzCafes.tsx, /src/index.css
9:04:04 PM [vite] hmr update /src/components/Header.tsx, /src/index.css
9:04:54 PM [vite] hmr update /src/components/MuzCafes.tsx, /src/index.css
9:04:59 PM [vite] hmr update /src/index.css
9:05:37 PM [vite] hmr update /src/index.css, /src/components/MatchTracker.tsx, /src/components/SportsNews.tsx
9:06:14 PM [vite] hmr update /src/components/MatchTracker.tsx, /src/index.css
9:06:56 PM [vite] hmr update /src/index.css, /src/components/MatchTracker.tsx, /src/components/SportsNews.tsx
9:07:56 PM [vite] hmr update /src/components/Header.tsx, /src/index.css
9:24:10 PM [vite] hmr update /src/index.css
9:24:13 PM [vite] page reload tailwind.config.js
9:24:45 PM [vite] hmr update /src/index.css, /src/components/MatchTracker.tsx, /src/components/SportsNews.tsx
9:25:06 PM [vite] hmr update /src/index.css, /src/components/MatchTracker.tsx, /src/components/SportsNews.tsx
9:25:13 PM [vite] hmr update /src/components/MatchTracker.tsx, /src/index.css
9:25:53 PM [vite] hmr update /src/App.tsx, /src/index.css
9:25:57 PM [vite] hmr update /src/components/MatchTracker.tsx, /src/index.css
9:26:01 PM [vite] hmr update /src/components/SportsNews.tsx, /src/index.css
9:26:44 PM [vite] page reload src/types/index.ts
9:27:01 PM [vite] hmr update /src/App.tsx, /src/index.css
9:27:04 PM [vite] hmr update /src/components/MatchTracker.tsx, /src/index.css
9:54:27 PM [vite] hmr update /src/App.tsx, /src/index.css
9:55:23 PM [vite] hmr update /src/App.tsx, /src/index.css
9:56:42 PM [vite] page reload tailwind.config.js
9:57:04 PM [vite] hmr update /src/index.css
9:57:15 PM [vite] hmr update /src/components/Header.tsx, /src/index.css
9:58:14 PM [vite] hmr update /src/index.css
9:59:19 PM [vite] hmr update /src/index.css, /src/components/MatchTracker.tsx, /src/components/SportsNews.tsx
9:59:23 PM [vite] hmr update /src/App.tsx, /src/index.css
9:59:46 PM [vite] hmr update /src/components/SportsNews.tsx, /src/index.css
10:01:34 PM [vite] hmr update /src/components/MatchTracker.tsx, /src/index.css
10:14:13 PM [vite] hmr update /src/index.css
10:14:42 PM [vite] hmr update /src/components/Header.tsx, /src/index.css
10:15:14 PM [vite] hmr update /src/components/MuzCafes.tsx, /src/index.css
10:16:10 PM [vite] hmr update /src/components/SportsNews.tsx, /src/index.css
10:16:47 PM [vite] hmr update /src/index.css, /src/components/Header.tsx, /src/components/ServerlessForum.tsx, /src/components/MuzCafes.tsx
